{"/Users/ubermensch0608/ubermensch0608/coding/design-system-lab/src/main.tsx": {"path":"/Users/ubermensch0608/ubermensch0608/coding/design-system-lab/src/main.tsx","all":false,"statementMap":{"0":{"start":{"line":1,"column":0},"end":{"line":1,"column":35}},"1":{"start":{"line":2,"column":0},"end":{"line":2,"column":46}},"2":{"start":{"line":3,"column":0},"end":{"line":3,"column":21}},"3":{"start":{"line":4,"column":0},"end":{"line":4,"column":35}},"5":{"start":{"line":6,"column":0},"end":{"line":6,"column":52}},"6":{"start":{"line":7,"column":0},"end":{"line":7,"column":14}},"7":{"start":{"line":8,"column":0},"end":{"line":8,"column":11}},"8":{"start":{"line":9,"column":0},"end":{"line":9,"column":15}},"9":{"start":{"line":10,"column":0},"end":{"line":10,"column":2}}},"s":{"0":1,"1":1,"2":1,"3":1,"5":1,"6":1,"7":1,"8":1,"9":1},"branchMap":{},"b":{},"fnMap":{},"f":{}}
,"/Users/ubermensch0608/ubermensch0608/coding/design-system-lab/src/components/App/index.tsx": {"path":"/Users/ubermensch0608/ubermensch0608/coding/design-system-lab/src/components/App/index.tsx","all":false,"statementMap":{"0":{"start":{"line":1,"column":0},"end":{"line":1,"column":19}},"1":{"start":{"line":2,"column":0},"end":{"line":2,"column":45}},"3":{"start":{"line":4,"column":0},"end":{"line":4,"column":16}},"4":{"start":{"line":5,"column":0},"end":{"line":5,"column":10}},"5":{"start":{"line":6,"column":0},"end":{"line":6,"column":25}},"6":{"start":{"line":7,"column":0},"end":{"line":7,"column":23}},"7":{"start":{"line":8,"column":0},"end":{"line":8,"column":10}},"9":{"start":{"line":10,"column":0},"end":{"line":10,"column":1}},"11":{"start":{"line":12,"column":0},"end":{"line":12,"column":19}}},"s":{"0":1,"1":1,"3":1,"4":1,"5":1,"6":1,"7":1,"9":1,"11":1},"branchMap":{"0":{"type":"branch","line":4,"loc":{"start":{"line":4,"column":0},"end":{"line":10,"column":1}},"locations":[{"start":{"line":4,"column":0},"end":{"line":10,"column":1}}]}},"b":{"0":[1]},"fnMap":{"0":{"name":"App","decl":{"start":{"line":4,"column":0},"end":{"line":10,"column":1}},"loc":{"start":{"line":4,"column":0},"end":{"line":10,"column":1}},"line":4}},"f":{"0":1}}
,"/Users/ubermensch0608/ubermensch0608/coding/design-system-lab/src/components/Badge/index.tsx": {"path":"/Users/ubermensch0608/ubermensch0608/coding/design-system-lab/src/components/Badge/index.tsx","all":false,"statementMap":{"0":{"start":{"line":1,"column":0},"end":{"line":1,"column":42}},"1":{"start":{"line":2,"column":0},"end":{"line":2,"column":21}},"2":{"start":{"line":66,"column":0},"end":{"line":66,"column":61}},"3":{"start":{"line":67,"column":0},"end":{"line":67,"column":3}},"4":{"start":{"line":68,"column":0},"end":{"line":68,"column":5}},"5":{"start":{"line":69,"column":0},"end":{"line":69,"column":24}},"6":{"start":{"line":70,"column":0},"end":{"line":70,"column":22}},"7":{"start":{"line":71,"column":0},"end":{"line":71,"column":18}},"8":{"start":{"line":72,"column":0},"end":{"line":72,"column":12}},"9":{"start":{"line":73,"column":0},"end":{"line":73,"column":18}},"10":{"start":{"line":74,"column":0},"end":{"line":74,"column":22}},"11":{"start":{"line":75,"column":0},"end":{"line":75,"column":24}},"12":{"start":{"line":76,"column":0},"end":{"line":76,"column":15}},"13":{"start":{"line":77,"column":0},"end":{"line":77,"column":16}},"14":{"start":{"line":78,"column":0},"end":{"line":78,"column":23}},"15":{"start":{"line":79,"column":0},"end":{"line":79,"column":14}},"16":{"start":{"line":80,"column":0},"end":{"line":80,"column":6}},"17":{"start":{"line":81,"column":0},"end":{"line":81,"column":7}},"18":{"start":{"line":82,"column":0},"end":{"line":82,"column":8}},"19":{"start":{"line":84,"column":0},"end":{"line":84,"column":46}},"20":{"start":{"line":85,"column":0},"end":{"line":85,"column":50}},"21":{"start":{"line":86,"column":0},"end":{"line":86,"column":42}},"22":{"start":{"line":87,"column":0},"end":{"line":87,"column":30}},"23":{"start":{"line":88,"column":0},"end":{"line":88,"column":42}},"24":{"start":{"line":89,"column":0},"end":{"line":89,"column":19}},"25":{"start":{"line":90,"column":0},"end":{"line":90,"column":6}},"26":{"start":{"line":93,"column":0},"end":{"line":93,"column":28}},"27":{"start":{"line":94,"column":0},"end":{"line":94,"column":14}},"28":{"start":{"line":96,"column":0},"end":{"line":96,"column":63}},"29":{"start":{"line":97,"column":0},"end":{"line":97,"column":22}},"30":{"start":{"line":98,"column":0},"end":{"line":98,"column":31}},"31":{"start":{"line":99,"column":0},"end":{"line":99,"column":16}},"32":{"start":{"line":100,"column":0},"end":{"line":100,"column":5}},"33":{"start":{"line":101,"column":0},"end":{"line":101,"column":22}},"34":{"start":{"line":102,"column":0},"end":{"line":102,"column":17}},"35":{"start":{"line":104,"column":0},"end":{"line":104,"column":12}},"36":{"start":{"line":105,"column":0},"end":{"line":105,"column":80}},"37":{"start":{"line":106,"column":0},"end":{"line":106,"column":18}},"38":{"start":{"line":107,"column":0},"end":{"line":107,"column":13}},"39":{"start":{"line":109,"column":0},"end":{"line":109,"column":3}},"40":{"start":{"line":110,"column":0},"end":{"line":110,"column":2}},"41":{"start":{"line":112,"column":0},"end":{"line":112,"column":28}},"42":{"start":{"line":114,"column":0},"end":{"line":114,"column":21}}},"s":{"0":2,"1":2,"2":2,"3":2,"4":46,"5":46,"6":46,"7":46,"8":46,"9":46,"10":46,"11":46,"12":46,"13":46,"14":46,"15":46,"16":46,"17":46,"18":46,"19":46,"20":46,"21":46,"22":46,"23":46,"24":46,"25":46,"26":46,"27":46,"28":46,"29":46,"30":46,"31":46,"32":46,"33":46,"34":46,"35":46,"36":46,"37":46,"38":46,"39":46,"40":2,"41":2,"42":2},"branchMap":{"0":{"type":"branch","line":67,"loc":{"start":{"line":67,"column":2},"end":{"line":109,"column":3}},"locations":[{"start":{"line":67,"column":2},"end":{"line":109,"column":3}}]},"1":{"type":"branch","line":85,"loc":{"start":{"line":85,"column":10},"end":{"line":85,"column":50}},"locations":[{"start":{"line":85,"column":10},"end":{"line":85,"column":50}}]},"2":{"type":"branch","line":86,"loc":{"start":{"line":86,"column":10},"end":{"line":86,"column":42}},"locations":[{"start":{"line":86,"column":10},"end":{"line":86,"column":42}}]},"3":{"type":"branch","line":87,"loc":{"start":{"line":87,"column":10},"end":{"line":87,"column":30}},"locations":[{"start":{"line":87,"column":10},"end":{"line":87,"column":30}}]},"4":{"type":"branch","line":88,"loc":{"start":{"line":88,"column":10},"end":{"line":88,"column":42}},"locations":[{"start":{"line":88,"column":10},"end":{"line":88,"column":42}}]},"5":{"type":"branch","line":96,"loc":{"start":{"line":96,"column":7},"end":{"line":96,"column":35}},"locations":[{"start":{"line":96,"column":7},"end":{"line":96,"column":35}}]},"6":{"type":"branch","line":96,"loc":{"start":{"line":96,"column":27},"end":{"line":96,"column":60}},"locations":[{"start":{"line":96,"column":27},"end":{"line":96,"column":60}}]},"7":{"type":"branch","line":96,"loc":{"start":{"line":96,"column":55},"end":{"line":96,"column":63}},"locations":[{"start":{"line":96,"column":55},"end":{"line":96,"column":63}}]}},"b":{"0":[46],"1":[5],"2":[4],"3":[6],"4":[2],"5":[41],"6":[39],"7":[7]},"fnMap":{},"f":{}}
,"/Users/ubermensch0608/ubermensch0608/coding/design-system-lab/src/components/BadgeTestPage/index.tsx": {"path":"/Users/ubermensch0608/ubermensch0608/coding/design-system-lab/src/components/BadgeTestPage/index.tsx","all":false,"statementMap":{"0":{"start":{"line":1,"column":0},"end":{"line":1,"column":29}},"1":{"start":{"line":2,"column":0},"end":{"line":2,"column":33}},"3":{"start":{"line":4,"column":0},"end":{"line":4,"column":29}},"4":{"start":{"line":5,"column":0},"end":{"line":5,"column":10}},"5":{"start":{"line":6,"column":0},"end":{"line":6,"column":37}},"6":{"start":{"line":7,"column":0},"end":{"line":7,"column":33}},"8":{"start":{"line":9,"column":0},"end":{"line":9,"column":40}},"9":{"start":{"line":10,"column":0},"end":{"line":10,"column":33}},"10":{"start":{"line":11,"column":0},"end":{"line":11,"column":35}},"11":{"start":{"line":12,"column":0},"end":{"line":12,"column":43}},"12":{"start":{"line":13,"column":0},"end":{"line":13,"column":41}},"13":{"start":{"line":14,"column":0},"end":{"line":14,"column":41}},"14":{"start":{"line":15,"column":0},"end":{"line":15,"column":41}},"15":{"start":{"line":16,"column":0},"end":{"line":16,"column":47}},"16":{"start":{"line":17,"column":0},"end":{"line":17,"column":14}},"17":{"start":{"line":18,"column":0},"end":{"line":18,"column":16}},"19":{"start":{"line":20,"column":0},"end":{"line":20,"column":40}},"20":{"start":{"line":21,"column":0},"end":{"line":21,"column":28}},"21":{"start":{"line":22,"column":0},"end":{"line":22,"column":35}},"22":{"start":{"line":23,"column":0},"end":{"line":23,"column":48}},"23":{"start":{"line":24,"column":0},"end":{"line":24,"column":52}},"24":{"start":{"line":25,"column":0},"end":{"line":25,"column":48}},"25":{"start":{"line":26,"column":0},"end":{"line":26,"column":48}},"26":{"start":{"line":27,"column":0},"end":{"line":27,"column":46}},"27":{"start":{"line":28,"column":0},"end":{"line":28,"column":42}},"28":{"start":{"line":29,"column":0},"end":{"line":29,"column":14}},"29":{"start":{"line":30,"column":0},"end":{"line":30,"column":16}},"31":{"start":{"line":32,"column":0},"end":{"line":32,"column":40}},"32":{"start":{"line":33,"column":0},"end":{"line":33,"column":27}},"33":{"start":{"line":34,"column":0},"end":{"line":34,"column":48}},"34":{"start":{"line":35,"column":0},"end":{"line":35,"column":47}},"35":{"start":{"line":36,"column":0},"end":{"line":36,"column":43}},"36":{"start":{"line":37,"column":0},"end":{"line":37,"column":45}},"37":{"start":{"line":38,"column":0},"end":{"line":38,"column":43}},"38":{"start":{"line":39,"column":0},"end":{"line":39,"column":14}},"39":{"start":{"line":40,"column":0},"end":{"line":40,"column":16}},"41":{"start":{"line":42,"column":0},"end":{"line":42,"column":40}},"42":{"start":{"line":43,"column":0},"end":{"line":43,"column":40}},"43":{"start":{"line":44,"column":0},"end":{"line":44,"column":35}},"44":{"start":{"line":45,"column":0},"end":{"line":45,"column":57}},"46":{"start":{"line":47,"column":0},"end":{"line":47,"column":18}},"47":{"start":{"line":48,"column":0},"end":{"line":48,"column":16}},"48":{"start":{"line":49,"column":0},"end":{"line":49,"column":41}},"49":{"start":{"line":50,"column":0},"end":{"line":50,"column":33}},"50":{"start":{"line":51,"column":0},"end":{"line":51,"column":27}},"51":{"start":{"line":52,"column":0},"end":{"line":52,"column":11}},"53":{"start":{"line":54,"column":0},"end":{"line":54,"column":18}},"54":{"start":{"line":55,"column":0},"end":{"line":55,"column":16}},"55":{"start":{"line":56,"column":0},"end":{"line":56,"column":37}},"56":{"start":{"line":57,"column":0},"end":{"line":57,"column":27}},"57":{"start":{"line":58,"column":0},"end":{"line":58,"column":33}},"58":{"start":{"line":59,"column":0},"end":{"line":59,"column":11}},"60":{"start":{"line":61,"column":0},"end":{"line":61,"column":18}},"61":{"start":{"line":62,"column":0},"end":{"line":62,"column":16}},"62":{"start":{"line":63,"column":0},"end":{"line":63,"column":37}},"63":{"start":{"line":64,"column":0},"end":{"line":64,"column":27}},"64":{"start":{"line":65,"column":0},"end":{"line":65,"column":29}},"65":{"start":{"line":66,"column":0},"end":{"line":66,"column":33}},"66":{"start":{"line":67,"column":0},"end":{"line":67,"column":11}},"68":{"start":{"line":69,"column":0},"end":{"line":69,"column":18}},"69":{"start":{"line":70,"column":0},"end":{"line":70,"column":16}},"70":{"start":{"line":71,"column":0},"end":{"line":71,"column":20}},"71":{"start":{"line":72,"column":0},"end":{"line":72,"column":77}},"72":{"start":{"line":73,"column":0},"end":{"line":73,"column":14}},"73":{"start":{"line":74,"column":0},"end":{"line":74,"column":25}},"74":{"start":{"line":75,"column":0},"end":{"line":75,"column":11}},"76":{"start":{"line":77,"column":0},"end":{"line":77,"column":18}},"77":{"start":{"line":78,"column":0},"end":{"line":78,"column":14}},"78":{"start":{"line":79,"column":0},"end":{"line":79,"column":16}},"80":{"start":{"line":81,"column":0},"end":{"line":81,"column":40}},"81":{"start":{"line":82,"column":0},"end":{"line":82,"column":37}},"82":{"start":{"line":83,"column":0},"end":{"line":83,"column":35}},"83":{"start":{"line":84,"column":0},"end":{"line":84,"column":59}},"85":{"start":{"line":86,"column":0},"end":{"line":86,"column":18}},"86":{"start":{"line":87,"column":0},"end":{"line":87,"column":60}},"88":{"start":{"line":89,"column":0},"end":{"line":89,"column":18}},"89":{"start":{"line":90,"column":0},"end":{"line":90,"column":58}},"91":{"start":{"line":92,"column":0},"end":{"line":92,"column":18}},"92":{"start":{"line":93,"column":0},"end":{"line":93,"column":63}},"94":{"start":{"line":95,"column":0},"end":{"line":95,"column":18}},"95":{"start":{"line":96,"column":0},"end":{"line":96,"column":14}},"96":{"start":{"line":97,"column":0},"end":{"line":97,"column":16}},"98":{"start":{"line":99,"column":0},"end":{"line":99,"column":40}},"99":{"start":{"line":100,"column":0},"end":{"line":100,"column":35}},"100":{"start":{"line":101,"column":0},"end":{"line":101,"column":35}},"101":{"start":{"line":102,"column":0},"end":{"line":102,"column":16}},"102":{"start":{"line":103,"column":0},"end":{"line":103,"column":37}},"103":{"start":{"line":104,"column":0},"end":{"line":104,"column":25}},"104":{"start":{"line":105,"column":0},"end":{"line":105,"column":24}},"105":{"start":{"line":106,"column":0},"end":{"line":106,"column":24}},"106":{"start":{"line":107,"column":0},"end":{"line":107,"column":11}},"108":{"start":{"line":109,"column":0},"end":{"line":109,"column":18}},"109":{"start":{"line":110,"column":0},"end":{"line":110,"column":16}},"110":{"start":{"line":111,"column":0},"end":{"line":111,"column":41}},"111":{"start":{"line":112,"column":0},"end":{"line":112,"column":33}},"112":{"start":{"line":113,"column":0},"end":{"line":113,"column":27}},"113":{"start":{"line":114,"column":0},"end":{"line":114,"column":24}},"114":{"start":{"line":115,"column":0},"end":{"line":115,"column":11}},"116":{"start":{"line":117,"column":0},"end":{"line":117,"column":18}},"117":{"start":{"line":118,"column":0},"end":{"line":118,"column":16}},"118":{"start":{"line":119,"column":0},"end":{"line":119,"column":37}},"119":{"start":{"line":120,"column":0},"end":{"line":120,"column":27}},"120":{"start":{"line":121,"column":0},"end":{"line":121,"column":33}},"121":{"start":{"line":122,"column":0},"end":{"line":122,"column":25}},"122":{"start":{"line":123,"column":0},"end":{"line":123,"column":11}},"124":{"start":{"line":125,"column":0},"end":{"line":125,"column":18}},"125":{"start":{"line":126,"column":0},"end":{"line":126,"column":57}},"127":{"start":{"line":128,"column":0},"end":{"line":128,"column":18}},"128":{"start":{"line":129,"column":0},"end":{"line":129,"column":14}},"129":{"start":{"line":130,"column":0},"end":{"line":130,"column":16}},"130":{"start":{"line":131,"column":0},"end":{"line":131,"column":10}},"132":{"start":{"line":133,"column":0},"end":{"line":133,"column":2}},"134":{"start":{"line":135,"column":0},"end":{"line":135,"column":29}}},"s":{"0":1,"1":1,"3":1,"4":7,"5":7,"6":7,"8":7,"9":7,"10":7,"11":7,"12":7,"13":7,"14":7,"15":7,"16":7,"17":7,"19":7,"20":7,"21":7,"22":7,"23":7,"24":7,"25":7,"26":7,"27":7,"28":7,"29":7,"31":7,"32":7,"33":7,"34":7,"35":7,"36":7,"37":7,"38":7,"39":7,"41":7,"42":7,"43":7,"44":7,"46":7,"47":7,"48":7,"49":7,"50":7,"51":7,"53":7,"54":7,"55":7,"56":7,"57":7,"58":7,"60":7,"61":7,"62":7,"63":7,"64":7,"65":7,"66":7,"68":7,"69":7,"70":7,"71":7,"72":7,"73":7,"74":7,"76":7,"77":7,"78":7,"80":7,"81":7,"82":7,"83":7,"85":7,"86":7,"88":7,"89":7,"91":7,"92":7,"94":7,"95":7,"96":7,"98":7,"99":7,"100":7,"101":7,"102":7,"103":7,"104":7,"105":7,"106":7,"108":7,"109":7,"110":7,"111":7,"112":7,"113":7,"114":7,"116":7,"117":7,"118":7,"119":7,"120":7,"121":7,"122":7,"124":7,"125":7,"127":7,"128":7,"129":7,"130":7,"132":7,"134":1},"branchMap":{"0":{"type":"branch","line":4,"loc":{"start":{"line":4,"column":22},"end":{"line":133,"column":2}},"locations":[{"start":{"line":4,"column":22},"end":{"line":133,"column":2}}]}},"b":{"0":[7]},"fnMap":{"0":{"name":"BadgeTestPage","decl":{"start":{"line":4,"column":22},"end":{"line":133,"column":2}},"loc":{"start":{"line":4,"column":22},"end":{"line":133,"column":2}},"line":4}},"f":{"0":7}}
}
